<?xml version="1.0" encoding="UTF-8"?>
<testng-results skipped="0" failed="0" ignored="0" total="2" passed="2">
  <reporter-output>
  </reporter-output>
  <suite name="Default suite" duration-ms="32041" started-at="2020-06-03T06:25:09Z" finished-at="2020-06-03T06:25:41Z">
    <groups>
    </groups>
    <test name="Default test" duration-ms="32041" started-at="2020-06-03T06:25:09Z" finished-at="2020-06-03T06:25:41Z">
      <class name="com.crm.qa.testcases.LoginPageTest">
        <test-method status="PASS" signature="setUp()[pri:0, instance:com.crm.qa.testcases.LoginPageTest@46daef40]" name="setUp" is-config="true" duration-ms="12957" started-at="2020-06-03T06:25:09Z" finished-at="2020-06-03T06:25:22Z">
          <reporter-output>
          </reporter-output>
        </test-method> <!-- setUp -->
        <test-method status="PASS" signature="crmLogoImageTest()[pri:2, instance:com.crm.qa.testcases.LoginPageTest@46daef40]" name="crmLogoImageTest" duration-ms="54" started-at="2020-06-03T06:25:22Z" finished-at="2020-06-03T06:25:22Z">
          <reporter-output>
          </reporter-output>
        </test-method> <!-- crmLogoImageTest -->
        <test-method status="PASS" signature="teaddown()[pri:0, instance:com.crm.qa.testcases.LoginPageTest@46daef40]" name="teaddown" is-config="true" duration-ms="1363" started-at="2020-06-03T06:25:22Z" finished-at="2020-06-03T06:25:23Z">
          <reporter-output>
          </reporter-output>
        </test-method> <!-- teaddown -->
        <test-method status="PASS" signature="setUp()[pri:0, instance:com.crm.qa.testcases.LoginPageTest@46daef40]" name="setUp" is-config="true" duration-ms="11501" started-at="2020-06-03T06:25:23Z" finished-at="2020-06-03T06:25:34Z">
          <reporter-output>
          </reporter-output>
        </test-method> <!-- setUp -->
        <test-method status="PASS" signature="loginTest()[pri:3, instance:com.crm.qa.testcases.LoginPageTest@46daef40]" name="loginTest" duration-ms="4934" started-at="2020-06-03T06:25:34Z" finished-at="2020-06-03T06:25:39Z">
          <reporter-output>
          </reporter-output>
        </test-method> <!-- loginTest -->
        <test-method status="PASS" signature="teaddown()[pri:0, instance:com.crm.qa.testcases.LoginPageTest@46daef40]" name="teaddown" is-config="true" duration-ms="1198" started-at="2020-06-03T06:25:39Z" finished-at="2020-06-03T06:25:41Z">
          <reporter-output>
          </reporter-output>
        </test-method> <!-- teaddown -->
      </class> <!-- com.crm.qa.testcases.LoginPageTest -->
    </test> <!-- Default test -->
  </suite> <!-- Default suite -->
</testng-results>
